<?xml version="1.0" encoding="UTF-8"?>
<testsuite xmlns:xsi="http://www.w3.org/2001/XMLSchema-instance" xsi:noNamespaceSchemaLocation="https://maven.apache.org/surefire/maven-surefire-plugin/xsd/surefire-test-report-3.0.xsd" version="3.0" name="RetrieveMessageByMessageIdTest" time="2.093" tests="2" errors="0" skipped="0" failures="0">
  <properties>
    <property name="java.specification.version" value="22"/>
    <property name="sun.cpu.isalist" value="amd64"/>
    <property name="sun.jnu.encoding" value="Cp1252"/>
    <property name="java.class.path" value="C:\Users\dsl89\Documents\RevaturePEP\codingChallenge\SocialMediaBlogProject\target\test-classes;C:\Users\dsl89\Documents\RevaturePEP\codingChallenge\SocialMediaBlogProject\target\classes;C:\Users\dsl89\.m2\repository\junit\junit\4.13.2\junit-4.13.2.jar;C:\Users\dsl89\.m2\repository\org\hamcrest\hamcrest-core\1.3\hamcrest-core-1.3.jar;C:\Users\dsl89\.m2\repository\io\javalin\javalin\5.0.1\javalin-5.0.1.jar;C:\Users\dsl89\.m2\repository\org\slf4j\slf4j-api\1.7.36\slf4j-api-1.7.36.jar;C:\Users\dsl89\.m2\repository\org\eclipse\jetty\jetty-server\11.0.12\jetty-server-11.0.12.jar;C:\Users\dsl89\.m2\repository\org\eclipse\jetty\toolchain\jetty-jakarta-servlet-api\5.0.2\jetty-jakarta-servlet-api-5.0.2.jar;C:\Users\dsl89\.m2\repository\org\eclipse\jetty\jetty-http\11.0.12\jetty-http-11.0.12.jar;C:\Users\dsl89\.m2\repository\org\eclipse\jetty\jetty-util\11.0.12\jetty-util-11.0.12.jar;C:\Users\dsl89\.m2\repository\org\eclipse\jetty\jetty-io\11.0.12\jetty-io-11.0.12.jar;C:\Users\dsl89\.m2\repository\org\eclipse\jetty\jetty-webapp\11.0.12\jetty-webapp-11.0.12.jar;C:\Users\dsl89\.m2\repository\org\eclipse\jetty\jetty-servlet\11.0.12\jetty-servlet-11.0.12.jar;C:\Users\dsl89\.m2\repository\org\eclipse\jetty\jetty-security\11.0.12\jetty-security-11.0.12.jar;C:\Users\dsl89\.m2\repository\org\eclipse\jetty\jetty-xml\11.0.12\jetty-xml-11.0.12.jar;C:\Users\dsl89\.m2\repository\org\eclipse\jetty\websocket\websocket-jetty-server\11.0.12\websocket-jetty-server-11.0.12.jar;C:\Users\dsl89\.m2\repository\org\eclipse\jetty\websocket\websocket-jetty-common\11.0.12\websocket-jetty-common-11.0.12.jar;C:\Users\dsl89\.m2\repository\org\eclipse\jetty\websocket\websocket-core-common\11.0.12\websocket-core-common-11.0.12.jar;C:\Users\dsl89\.m2\repository\org\eclipse\jetty\websocket\websocket-servlet\11.0.12\websocket-servlet-11.0.12.jar;C:\Users\dsl89\.m2\repository\org\eclipse\jetty\websocket\websocket-core-server\11.0.12\websocket-core-server-11.0.12.jar;C:\Users\dsl89\.m2\repository\org\eclipse\jetty\jetty-annotations\11.0.12\jetty-annotations-11.0.12.jar;C:\Users\dsl89\.m2\repository\org\eclipse\jetty\jetty-plus\11.0.12\jetty-plus-11.0.12.jar;C:\Users\dsl89\.m2\repository\jakarta\transaction\jakarta.transaction-api\2.0.0\jakarta.transaction-api-2.0.0.jar;C:\Users\dsl89\.m2\repository\org\eclipse\jetty\jetty-jndi\11.0.12\jetty-jndi-11.0.12.jar;C:\Users\dsl89\.m2\repository\jakarta\annotation\jakarta.annotation-api\2.1.1\jakarta.annotation-api-2.1.1.jar;C:\Users\dsl89\.m2\repository\org\ow2\asm\asm\9.3\asm-9.3.jar;C:\Users\dsl89\.m2\repository\org\ow2\asm\asm-commons\9.3\asm-commons-9.3.jar;C:\Users\dsl89\.m2\repository\org\ow2\asm\asm-tree\9.3\asm-tree-9.3.jar;C:\Users\dsl89\.m2\repository\org\ow2\asm\asm-analysis\9.3\asm-analysis-9.3.jar;C:\Users\dsl89\.m2\repository\org\eclipse\jetty\websocket\websocket-jetty-api\11.0.12\websocket-jetty-api-11.0.12.jar;C:\Users\dsl89\.m2\repository\org\jetbrains\kotlin\kotlin-stdlib-jdk8\1.7.10\kotlin-stdlib-jdk8-1.7.10.jar;C:\Users\dsl89\.m2\repository\org\jetbrains\kotlin\kotlin-stdlib\1.7.10\kotlin-stdlib-1.7.10.jar;C:\Users\dsl89\.m2\repository\org\jetbrains\kotlin\kotlin-stdlib-common\1.7.10\kotlin-stdlib-common-1.7.10.jar;C:\Users\dsl89\.m2\repository\org\jetbrains\annotations\13.0\annotations-13.0.jar;C:\Users\dsl89\.m2\repository\org\jetbrains\kotlin\kotlin-stdlib-jdk7\1.7.10\kotlin-stdlib-jdk7-1.7.10.jar;C:\Users\dsl89\.m2\repository\org\slf4j\slf4j-simple\1.7.36\slf4j-simple-1.7.36.jar;C:\Users\dsl89\.m2\repository\com\fasterxml\jackson\core\jackson-databind\2.14.0-rc1\jackson-databind-2.14.0-rc1.jar;C:\Users\dsl89\.m2\repository\com\fasterxml\jackson\core\jackson-annotations\2.14.0-rc1\jackson-annotations-2.14.0-rc1.jar;C:\Users\dsl89\.m2\repository\com\fasterxml\jackson\core\jackson-core\2.14.0-rc1\jackson-core-2.14.0-rc1.jar;C:\Users\dsl89\.m2\repository\com\h2database\h2\2.1.214\h2-2.1.214.jar;C:\Users\dsl89\.m2\repository\org\mockito\mockito-core\4.9.0\mockito-core-4.9.0.jar;C:\Users\dsl89\.m2\repository\net\bytebuddy\byte-buddy\1.12.16\byte-buddy-1.12.16.jar;C:\Users\dsl89\.m2\repository\net\bytebuddy\byte-buddy-agent\1.12.16\byte-buddy-agent-1.12.16.jar;C:\Users\dsl89\.m2\repository\org\objenesis\objenesis\3.3\objenesis-3.3.jar;"/>
    <property name="java.vm.vendor" value="Oracle Corporation"/>
    <property name="sun.arch.data.model" value="64"/>
    <property name="user.variant" value=""/>
    <property name="java.vendor.url" value="https://java.oracle.com/"/>
    <property name="user.timezone" value="America/Chicago"/>
    <property name="os.name" value="Windows 11"/>
    <property name="java.vm.specification.version" value="22"/>
    <property name="sun.java.launcher" value="SUN_STANDARD"/>
    <property name="user.country" value="US"/>
    <property name="sun.boot.library.path" value="C:\Users\dsl89\.jdks\openjdk-22.0.2\bin"/>
    <property name="sun.java.command" value="C:\Users\dsl89\AppData\Local\Temp\surefire2656685121192390031\surefirebooter-20241009093016187_3.jar C:\Users\dsl89\AppData\Local\Temp\surefire2656685121192390031 2024-10-09T09-30-14_016-jvmRun1 surefire-20241009093016187_1tmp surefire_0-20241009093016187_2tmp"/>
    <property name="jdk.debug" value="release"/>
    <property name="surefire.test.class.path" value="C:\Users\dsl89\Documents\RevaturePEP\codingChallenge\SocialMediaBlogProject\target\test-classes;C:\Users\dsl89\Documents\RevaturePEP\codingChallenge\SocialMediaBlogProject\target\classes;C:\Users\dsl89\.m2\repository\junit\junit\4.13.2\junit-4.13.2.jar;C:\Users\dsl89\.m2\repository\org\hamcrest\hamcrest-core\1.3\hamcrest-core-1.3.jar;C:\Users\dsl89\.m2\repository\io\javalin\javalin\5.0.1\javalin-5.0.1.jar;C:\Users\dsl89\.m2\repository\org\slf4j\slf4j-api\1.7.36\slf4j-api-1.7.36.jar;C:\Users\dsl89\.m2\repository\org\eclipse\jetty\jetty-server\11.0.12\jetty-server-11.0.12.jar;C:\Users\dsl89\.m2\repository\org\eclipse\jetty\toolchain\jetty-jakarta-servlet-api\5.0.2\jetty-jakarta-servlet-api-5.0.2.jar;C:\Users\dsl89\.m2\repository\org\eclipse\jetty\jetty-http\11.0.12\jetty-http-11.0.12.jar;C:\Users\dsl89\.m2\repository\org\eclipse\jetty\jetty-util\11.0.12\jetty-util-11.0.12.jar;C:\Users\dsl89\.m2\repository\org\eclipse\jetty\jetty-io\11.0.12\jetty-io-11.0.12.jar;C:\Users\dsl89\.m2\repository\org\eclipse\jetty\jetty-webapp\11.0.12\jetty-webapp-11.0.12.jar;C:\Users\dsl89\.m2\repository\org\eclipse\jetty\jetty-servlet\11.0.12\jetty-servlet-11.0.12.jar;C:\Users\dsl89\.m2\repository\org\eclipse\jetty\jetty-security\11.0.12\jetty-security-11.0.12.jar;C:\Users\dsl89\.m2\repository\org\eclipse\jetty\jetty-xml\11.0.12\jetty-xml-11.0.12.jar;C:\Users\dsl89\.m2\repository\org\eclipse\jetty\websocket\websocket-jetty-server\11.0.12\websocket-jetty-server-11.0.12.jar;C:\Users\dsl89\.m2\repository\org\eclipse\jetty\websocket\websocket-jetty-common\11.0.12\websocket-jetty-common-11.0.12.jar;C:\Users\dsl89\.m2\repository\org\eclipse\jetty\websocket\websocket-core-common\11.0.12\websocket-core-common-11.0.12.jar;C:\Users\dsl89\.m2\repository\org\eclipse\jetty\websocket\websocket-servlet\11.0.12\websocket-servlet-11.0.12.jar;C:\Users\dsl89\.m2\repository\org\eclipse\jetty\websocket\websocket-core-server\11.0.12\websocket-core-server-11.0.12.jar;C:\Users\dsl89\.m2\repository\org\eclipse\jetty\jetty-annotations\11.0.12\jetty-annotations-11.0.12.jar;C:\Users\dsl89\.m2\repository\org\eclipse\jetty\jetty-plus\11.0.12\jetty-plus-11.0.12.jar;C:\Users\dsl89\.m2\repository\jakarta\transaction\jakarta.transaction-api\2.0.0\jakarta.transaction-api-2.0.0.jar;C:\Users\dsl89\.m2\repository\org\eclipse\jetty\jetty-jndi\11.0.12\jetty-jndi-11.0.12.jar;C:\Users\dsl89\.m2\repository\jakarta\annotation\jakarta.annotation-api\2.1.1\jakarta.annotation-api-2.1.1.jar;C:\Users\dsl89\.m2\repository\org\ow2\asm\asm\9.3\asm-9.3.jar;C:\Users\dsl89\.m2\repository\org\ow2\asm\asm-commons\9.3\asm-commons-9.3.jar;C:\Users\dsl89\.m2\repository\org\ow2\asm\asm-tree\9.3\asm-tree-9.3.jar;C:\Users\dsl89\.m2\repository\org\ow2\asm\asm-analysis\9.3\asm-analysis-9.3.jar;C:\Users\dsl89\.m2\repository\org\eclipse\jetty\websocket\websocket-jetty-api\11.0.12\websocket-jetty-api-11.0.12.jar;C:\Users\dsl89\.m2\repository\org\jetbrains\kotlin\kotlin-stdlib-jdk8\1.7.10\kotlin-stdlib-jdk8-1.7.10.jar;C:\Users\dsl89\.m2\repository\org\jetbrains\kotlin\kotlin-stdlib\1.7.10\kotlin-stdlib-1.7.10.jar;C:\Users\dsl89\.m2\repository\org\jetbrains\kotlin\kotlin-stdlib-common\1.7.10\kotlin-stdlib-common-1.7.10.jar;C:\Users\dsl89\.m2\repository\org\jetbrains\annotations\13.0\annotations-13.0.jar;C:\Users\dsl89\.m2\repository\org\jetbrains\kotlin\kotlin-stdlib-jdk7\1.7.10\kotlin-stdlib-jdk7-1.7.10.jar;C:\Users\dsl89\.m2\repository\org\slf4j\slf4j-simple\1.7.36\slf4j-simple-1.7.36.jar;C:\Users\dsl89\.m2\repository\com\fasterxml\jackson\core\jackson-databind\2.14.0-rc1\jackson-databind-2.14.0-rc1.jar;C:\Users\dsl89\.m2\repository\com\fasterxml\jackson\core\jackson-annotations\2.14.0-rc1\jackson-annotations-2.14.0-rc1.jar;C:\Users\dsl89\.m2\repository\com\fasterxml\jackson\core\jackson-core\2.14.0-rc1\jackson-core-2.14.0-rc1.jar;C:\Users\dsl89\.m2\repository\com\h2database\h2\2.1.214\h2-2.1.214.jar;C:\Users\dsl89\.m2\repository\org\mockito\mockito-core\4.9.0\mockito-core-4.9.0.jar;C:\Users\dsl89\.m2\repository\net\bytebuddy\byte-buddy\1.12.16\byte-buddy-1.12.16.jar;C:\Users\dsl89\.m2\repository\net\bytebuddy\byte-buddy-agent\1.12.16\byte-buddy-agent-1.12.16.jar;C:\Users\dsl89\.m2\repository\org\objenesis\objenesis\3.3\objenesis-3.3.jar;"/>
    <property name="sun.cpu.endian" value="little"/>
    <property name="user.home" value="C:\Users\dsl89"/>
    <property name="user.language" value="en"/>
    <property name="java.specification.vendor" value="Oracle Corporation"/>
    <property name="java.version.date" value="2024-07-16"/>
    <property name="java.home" value="C:\Users\dsl89\.jdks\openjdk-22.0.2"/>
    <property name="file.separator" value="\"/>
    <property name="basedir" value="C:\Users\dsl89\Documents\RevaturePEP\codingChallenge\SocialMediaBlogProject"/>
    <property name="java.vm.compressedOopsMode" value="Zero based"/>
    <property name="line.separator" value="&#10;"/>
    <property name="java.vm.specification.vendor" value="Oracle Corporation"/>
    <property name="java.specification.name" value="Java Platform API Specification"/>
    <property name="surefire.real.class.path" value="C:\Users\dsl89\AppData\Local\Temp\surefire2656685121192390031\surefirebooter-20241009093016187_3.jar"/>
    <property name="user.script" value=""/>
    <property name="sun.management.compiler" value="HotSpot 64-Bit Tiered Compilers"/>
    <property name="java.runtime.version" value="22.0.2+9-70"/>
    <property name="user.name" value="dsl89"/>
    <property name="stdout.encoding" value="Cp1252"/>
    <property name="path.separator" value=";"/>
    <property name="os.version" value="10.0"/>
    <property name="java.runtime.name" value="OpenJDK Runtime Environment"/>
    <property name="file.encoding" value="UTF-8"/>
    <property name="java.vm.name" value="OpenJDK 64-Bit Server VM"/>
    <property name="localRepository" value="C:\Users\dsl89\.m2\repository"/>
    <property name="java.vendor.url.bug" value="https://bugreport.java.com/bugreport/"/>
    <property name="jetty.git.hash" value="d5b8c29485f5f56a14be5f20c2ccce81b93c5555"/>
    <property name="java.io.tmpdir" value="C:\Users\dsl89\AppData\Local\Temp\"/>
    <property name="idea.version" value="2024.1.4"/>
    <property name="java.version" value="22.0.2"/>
    <property name="user.dir" value="C:\Users\dsl89\Documents\RevaturePEP\codingChallenge\SocialMediaBlogProject"/>
    <property name="os.arch" value="amd64"/>
    <property name="java.vm.specification.name" value="Java Virtual Machine Specification"/>
    <property name="sun.os.patch.level" value=""/>
    <property name="native.encoding" value="Cp1252"/>
    <property name="java.library.path" value="C:\Users\dsl89\.jdks\openjdk-22.0.2\bin;C:\WINDOWS\Sun\Java\bin;C:\WINDOWS\system32;C:\WINDOWS;C:\Program Files\Common Files\Oracle\Java\javapath;C:\Program Files (x86)\Common Files\Oracle\Java\java8path;C:\WINDOWS\system32;C:\WINDOWS;C:\WINDOWS\System32\Wbem;C:\WINDOWS\System32\WindowsPowerShell\v1.0\;C:\WINDOWS\System32\OpenSSH\;C:\Program Files (x86)\ATI Technologies\ATI.ACE\Core-Static;C:\Program Files\Microsoft SQL Server\Client SDK\ODBC\130\Tools\Binn\;C:\Program Files (x86)\Microsoft SQL Server\140\Tools\Binn\;C:\Program Files\Microsoft SQL Server\140\Tools\Binn\;C:\Program Files\Microsoft SQL Server\140\DTS\Binn\;C:\Program Files (x86)\Microsoft SQL Server\150\DTS\Binn\;C:\Program Files (x86)\NVIDIA Corporation\PhysX\Common;C:\WINDOWS\system32;C:\WINDOWS;C:\WINDOWS\System32\Wbem;C:\WINDOWS\System32\WindowsPowerShell\v1.0\;C:\WINDOWS\System32\OpenSSH\;C:\Maven\apache-maven-3.9.9-bin\apache-maven-3.9.9\bin;C:\Program Files\Git\cmd;C:\Users\dsl89\AppData\Local\Programs\Python\Python312\Scripts\;C:\Users\dsl89\AppData\Local\Programs\Python\Python312\;C:\Users\dsl89\AppData\Local\Programs\Python\Python37\Scripts\;C:\Users\dsl89\AppData\Local\Programs\Python\Python37\;C:\Users\dsl89\AppData\Local\Microsoft\WindowsApps;;C:\Program Files\JetBrains\IntelliJ IDEA Community Edition 2024.1.4\bin;;C:\Users\dsl89\AppData\Local\Programs\Microsoft VS Code\bin;."/>
    <property name="java.vm.info" value="mixed mode, sharing"/>
    <property name="stderr.encoding" value="Cp1252"/>
    <property name="java.vendor" value="Oracle Corporation"/>
    <property name="java.vm.version" value="22.0.2+9-70"/>
    <property name="sun.io.unicode.encoding" value="UnicodeLittle"/>
    <property name="java.class.version" value="66.0"/>
  </properties>
  <testcase name="getMessageGivenMessageIdMessageNotFound" classname="RetrieveMessageByMessageIdTest" time="1.027">
    <system-out><![CDATA[null
]]></system-out>
    <system-err><![CDATA[[main] INFO io.javalin.Javalin - Starting Javalin ...
[main] INFO org.eclipse.jetty.server.Server - jetty-11.0.12; built: 2022-09-14T02:38:00.723Z; git: d5b8c29485f5f56a14be5f20c2ccce81b93c5555; jvm 22.0.2+9-70
[main] INFO org.eclipse.jetty.server.session.DefaultSessionIdManager - Session workerName=node0
[main] INFO org.eclipse.jetty.server.handler.ContextHandler - Started i.j.j.@408a247c{/,null,AVAILABLE}
[main] INFO org.eclipse.jetty.server.AbstractConnector - Started ServerConnector@30e92cb9{HTTP/1.1, (http/1.1)}{0.0.0.0:8080}
[main] INFO org.eclipse.jetty.server.Server - Started Server@ba1f559{STARTING}[11.0.12,sto=0] @14430ms
[main] INFO io.javalin.Javalin - 
       __                  ___          ______
      / /___ __   ______ _/ (_)___     / ____/
 __  / / __ `/ | / / __ `/ / / __ \   /___ \
/ /_/ / /_/ /| |/ / /_/ / / / / / /  ____/ /
\____/\__,_/ |___/\__,_/_/_/_/ /_/  /_____/

       https://javalin.io/documentation

[main] INFO io.javalin.Javalin - Your JDK supports Loom. Javalin will prefer Virtual Threads by default. Disable with `ConcurrencyUtil.useLoom = false`.
[main] INFO io.javalin.Javalin - Listening on http://localhost:8080/
[main] INFO io.javalin.Javalin - You are running Javalin 5.0.1 (released October 2, 2022. Your Javalin version is 737 days old. Consider checking for a newer version.).
[main] INFO io.javalin.Javalin - Javalin started in 27ms \o/
[main] INFO io.javalin.Javalin - Stopping Javalin ...
[main] INFO org.eclipse.jetty.server.Server - Stopped Server@ba1f559{STOPPING}[11.0.12,sto=0]
[main] INFO org.eclipse.jetty.server.AbstractConnector - Stopped ServerConnector@30e92cb9{HTTP/1.1, (http/1.1)}{0.0.0.0:8080}
[main] INFO org.eclipse.jetty.server.handler.ContextHandler - Stopped i.j.j.@408a247c{/,null,STOPPED}
[main] INFO io.javalin.Javalin - Javalin has stopped
]]></system-err>
  </testcase>
  <testcase name="getMessageGivenMessageIdMessageFound" classname="RetrieveMessageByMessageIdTest" time="1.065">
    <system-out><![CDATA[Message{message_id=1, posted_by=1, message_text='test message 1', time_posted_epoch=1669947792}
]]></system-out>
    <system-err><![CDATA[[main] INFO io.javalin.Javalin - Starting Javalin ...
[main] INFO org.eclipse.jetty.server.Server - jetty-11.0.12; built: 2022-09-14T02:38:00.723Z; git: d5b8c29485f5f56a14be5f20c2ccce81b93c5555; jvm 22.0.2+9-70
[main] INFO org.eclipse.jetty.server.session.DefaultSessionIdManager - Session workerName=node0
[main] INFO org.eclipse.jetty.server.handler.ContextHandler - Started i.j.j.@65f00478{/,null,AVAILABLE}
[main] INFO org.eclipse.jetty.server.AbstractConnector - Started ServerConnector@2f4919b0{HTTP/1.1, (http/1.1)}{0.0.0.0:8080}
[main] INFO org.eclipse.jetty.server.Server - Started Server@75b21c3b{STARTING}[11.0.12,sto=0] @15482ms
[main] INFO io.javalin.Javalin - 
       __                  ___          ______
      / /___ __   ______ _/ (_)___     / ____/
 __  / / __ `/ | / / __ `/ / / __ \   /___ \
/ /_/ / /_/ /| |/ / /_/ / / / / / /  ____/ /
\____/\__,_/ |___/\__,_/_/_/_/ /_/  /_____/

       https://javalin.io/documentation

[main] INFO io.javalin.Javalin - Your JDK supports Loom. Javalin will prefer Virtual Threads by default. Disable with `ConcurrencyUtil.useLoom = false`.
[main] INFO io.javalin.Javalin - Listening on http://localhost:8080/
[main] INFO io.javalin.Javalin - You are running Javalin 5.0.1 (released October 2, 2022. Your Javalin version is 737 days old. Consider checking for a newer version.).
[main] INFO io.javalin.Javalin - Javalin started in 13ms \o/
[main] INFO io.javalin.Javalin - Stopping Javalin ...
[main] INFO org.eclipse.jetty.server.Server - Stopped Server@75b21c3b{STOPPING}[11.0.12,sto=0]
[main] INFO org.eclipse.jetty.server.AbstractConnector - Stopped ServerConnector@2f4919b0{HTTP/1.1, (http/1.1)}{0.0.0.0:8080}
[main] INFO org.eclipse.jetty.server.handler.ContextHandler - Stopped i.j.j.@65f00478{/,null,STOPPED}
[main] INFO io.javalin.Javalin - Javalin has stopped
]]></system-err>
  </testcase>
</testsuite>